<?xml version="1.0" encoding="UTF-8"?>
<testsuite xmlns:xsi="http://www.w3.org/2001/XMLSchema-instance" xsi:noNamespaceSchemaLocation="https://maven.apache.org/surefire/maven-surefire-plugin/xsd/surefire-test-report.xsd" name="cs6650.kvstore.AppTest" time="0.03" tests="1" errors="0" skipped="0" failures="0">
  <properties>
    <property name="java.specification.version" value="15"/>
    <property name="sun.jnu.encoding" value="UTF-8"/>
    <property name="java.class.path" value="/Users/joyceliu/Desktop/6650_all/cs6650-project-3/kvstore/target/test-classes:/Users/joyceliu/Desktop/6650_all/cs6650-project-3/kvstore/target/classes:/Users/joyceliu/.m2/repository/com/google/protobuf/protobuf-java/4.0.0-rc-2/protobuf-java-4.0.0-rc-2.jar:/Users/joyceliu/.m2/repository/junit/junit/4.11/junit-4.11.jar:/Users/joyceliu/.m2/repository/org/hamcrest/hamcrest-core/1.3/hamcrest-core-1.3.jar:/Users/joyceliu/.m2/repository/io/grpc/grpc-netty-shaded/1.24.0/grpc-netty-shaded-1.24.0.jar:/Users/joyceliu/.m2/repository/io/grpc/grpc-core/1.24.0/grpc-core-1.24.0.jar:/Users/joyceliu/.m2/repository/com/google/code/gson/gson/2.7/gson-2.7.jar:/Users/joyceliu/.m2/repository/com/google/android/annotations/4.1.1.4/annotations-4.1.1.4.jar:/Users/joyceliu/.m2/repository/io/perfmark/perfmark-api/0.17.0/perfmark-api-0.17.0.jar:/Users/joyceliu/.m2/repository/io/opencensus/opencensus-api/0.21.0/opencensus-api-0.21.0.jar:/Users/joyceliu/.m2/repository/io/opencensus/opencensus-contrib-grpc-metrics/0.21.0/opencensus-contrib-grpc-metrics-0.21.0.jar:/Users/joyceliu/.m2/repository/io/grpc/grpc-protobuf/1.24.0/grpc-protobuf-1.24.0.jar:/Users/joyceliu/.m2/repository/io/grpc/grpc-api/1.24.0/grpc-api-1.24.0.jar:/Users/joyceliu/.m2/repository/io/grpc/grpc-context/1.24.0/grpc-context-1.24.0.jar:/Users/joyceliu/.m2/repository/com/google/errorprone/error_prone_annotations/2.3.2/error_prone_annotations-2.3.2.jar:/Users/joyceliu/.m2/repository/com/google/code/findbugs/jsr305/3.0.2/jsr305-3.0.2.jar:/Users/joyceliu/.m2/repository/org/codehaus/mojo/animal-sniffer-annotations/1.17/animal-sniffer-annotations-1.17.jar:/Users/joyceliu/.m2/repository/com/google/guava/guava/26.0-android/guava-26.0-android.jar:/Users/joyceliu/.m2/repository/org/checkerframework/checker-compat-qual/2.5.2/checker-compat-qual-2.5.2.jar:/Users/joyceliu/.m2/repository/com/google/j2objc/j2objc-annotations/1.1/j2objc-annotations-1.1.jar:/Users/joyceliu/.m2/repository/com/google/api/grpc/proto-google-common-protos/1.12.0/proto-google-common-protos-1.12.0.jar:/Users/joyceliu/.m2/repository/io/grpc/grpc-protobuf-lite/1.24.0/grpc-protobuf-lite-1.24.0.jar:/Users/joyceliu/.m2/repository/io/grpc/grpc-stub/1.24.0/grpc-stub-1.24.0.jar:/Users/joyceliu/.m2/repository/javax/annotation/javax.annotation-api/1.2/javax.annotation-api-1.2.jar:"/>
    <property name="java.vm.vendor" value="Oracle Corporation"/>
    <property name="sun.arch.data.model" value="64"/>
    <property name="java.vendor.url" value="https://openjdk.java.net/"/>
    <property name="os.name" value="Mac OS X"/>
    <property name="java.vm.specification.version" value="15"/>
    <property name="sun.java.launcher" value="SUN_STANDARD"/>
    <property name="user.country" value="US"/>
    <property name="sun.boot.library.path" value="/usr/local/Cellar/openjdk/15.0.2/libexec/openjdk.jdk/Contents/Home/lib"/>
    <property name="sun.java.command" value="/Users/joyceliu/Desktop/6650_all/cs6650-project-3/kvstore/target/surefire/surefirebooter919105449927009162.jar /Users/joyceliu/Desktop/6650_all/cs6650-project-3/kvstore/target/surefire 2021-04-04T14-35-19_920-jvmRun1 surefire5090130333812634268tmp surefire_09529180892523094401tmp"/>
    <property name="http.nonProxyHosts" value="local|*.local|169.254/16|*.169.254/16"/>
    <property name="jdk.debug" value="release"/>
    <property name="surefire.test.class.path" value="/Users/joyceliu/Desktop/6650_all/cs6650-project-3/kvstore/target/test-classes:/Users/joyceliu/Desktop/6650_all/cs6650-project-3/kvstore/target/classes:/Users/joyceliu/.m2/repository/com/google/protobuf/protobuf-java/4.0.0-rc-2/protobuf-java-4.0.0-rc-2.jar:/Users/joyceliu/.m2/repository/junit/junit/4.11/junit-4.11.jar:/Users/joyceliu/.m2/repository/org/hamcrest/hamcrest-core/1.3/hamcrest-core-1.3.jar:/Users/joyceliu/.m2/repository/io/grpc/grpc-netty-shaded/1.24.0/grpc-netty-shaded-1.24.0.jar:/Users/joyceliu/.m2/repository/io/grpc/grpc-core/1.24.0/grpc-core-1.24.0.jar:/Users/joyceliu/.m2/repository/com/google/code/gson/gson/2.7/gson-2.7.jar:/Users/joyceliu/.m2/repository/com/google/android/annotations/4.1.1.4/annotations-4.1.1.4.jar:/Users/joyceliu/.m2/repository/io/perfmark/perfmark-api/0.17.0/perfmark-api-0.17.0.jar:/Users/joyceliu/.m2/repository/io/opencensus/opencensus-api/0.21.0/opencensus-api-0.21.0.jar:/Users/joyceliu/.m2/repository/io/opencensus/opencensus-contrib-grpc-metrics/0.21.0/opencensus-contrib-grpc-metrics-0.21.0.jar:/Users/joyceliu/.m2/repository/io/grpc/grpc-protobuf/1.24.0/grpc-protobuf-1.24.0.jar:/Users/joyceliu/.m2/repository/io/grpc/grpc-api/1.24.0/grpc-api-1.24.0.jar:/Users/joyceliu/.m2/repository/io/grpc/grpc-context/1.24.0/grpc-context-1.24.0.jar:/Users/joyceliu/.m2/repository/com/google/errorprone/error_prone_annotations/2.3.2/error_prone_annotations-2.3.2.jar:/Users/joyceliu/.m2/repository/com/google/code/findbugs/jsr305/3.0.2/jsr305-3.0.2.jar:/Users/joyceliu/.m2/repository/org/codehaus/mojo/animal-sniffer-annotations/1.17/animal-sniffer-annotations-1.17.jar:/Users/joyceliu/.m2/repository/com/google/guava/guava/26.0-android/guava-26.0-android.jar:/Users/joyceliu/.m2/repository/org/checkerframework/checker-compat-qual/2.5.2/checker-compat-qual-2.5.2.jar:/Users/joyceliu/.m2/repository/com/google/j2objc/j2objc-annotations/1.1/j2objc-annotations-1.1.jar:/Users/joyceliu/.m2/repository/com/google/api/grpc/proto-google-common-protos/1.12.0/proto-google-common-protos-1.12.0.jar:/Users/joyceliu/.m2/repository/io/grpc/grpc-protobuf-lite/1.24.0/grpc-protobuf-lite-1.24.0.jar:/Users/joyceliu/.m2/repository/io/grpc/grpc-stub/1.24.0/grpc-stub-1.24.0.jar:/Users/joyceliu/.m2/repository/javax/annotation/javax.annotation-api/1.2/javax.annotation-api-1.2.jar:"/>
    <property name="sun.cpu.endian" value="little"/>
    <property name="user.home" value="/Users/joyceliu"/>
    <property name="user.language" value="en"/>
    <property name="java.specification.vendor" value="Oracle Corporation"/>
    <property name="java.version.date" value="2021-01-19"/>
    <property name="java.home" value="/usr/local/Cellar/openjdk/15.0.2/libexec/openjdk.jdk/Contents/Home"/>
    <property name="file.separator" value="/"/>
    <property name="basedir" value="/Users/joyceliu/Desktop/6650_all/cs6650-project-3/kvstore"/>
    <property name="java.vm.compressedOopsMode" value="Zero based"/>
    <property name="line.separator" value="&#10;"/>
    <property name="java.specification.name" value="Java Platform API Specification"/>
    <property name="java.vm.specification.vendor" value="Oracle Corporation"/>
    <property name="surefire.real.class.path" value="/Users/joyceliu/Desktop/6650_all/cs6650-project-3/kvstore/target/surefire/surefirebooter919105449927009162.jar"/>
    <property name="sun.management.compiler" value="HotSpot 64-Bit Tiered Compilers"/>
    <property name="ftp.nonProxyHosts" value="local|*.local|169.254/16|*.169.254/16"/>
    <property name="java.runtime.version" value="15.0.2+7"/>
    <property name="user.name" value="joyceliu"/>
    <property name="path.separator" value=":"/>
    <property name="os.version" value="10.15.7"/>
    <property name="java.runtime.name" value="OpenJDK Runtime Environment"/>
    <property name="file.encoding" value="UTF-8"/>
    <property name="java.vm.name" value="OpenJDK 64-Bit Server VM"/>
    <property name="localRepository" value="/Users/joyceliu/.m2/repository"/>
    <property name="java.vendor.url.bug" value="https://bugreport.java.com/bugreport/"/>
    <property name="java.io.tmpdir" value="/var/folders/qv/zt2wrxmx7p7d3f7vyvx2wg800000gn/T/"/>
    <property name="java.version" value="15.0.2"/>
    <property name="user.dir" value="/Users/joyceliu/Desktop/6650_all/cs6650-project-3/kvstore"/>
    <property name="os.arch" value="x86_64"/>
    <property name="java.vm.specification.name" value="Java Virtual Machine Specification"/>
    <property name="java.library.path" value="/Users/joyceliu/Library/Java/Extensions:/Library/Java/Extensions:/Network/Library/Java/Extensions:/System/Library/Java/Extensions:/usr/lib/java:."/>
    <property name="java.vm.info" value="mixed mode, sharing"/>
    <property name="java.vendor" value="N/A"/>
    <property name="java.vm.version" value="15.0.2+7"/>
    <property name="sun.io.unicode.encoding" value="UnicodeBig"/>
    <property name="socksNonProxyHosts" value="local|*.local|169.254/16|*.169.254/16"/>
    <property name="java.class.version" value="59.0"/>
  </properties>
  <testcase name="shouldAnswerWithTrue" classname="cs6650.kvstore.AppTest" time="0.001"/>
</testsuite>